d:\winrat\netcat\debug\vc142.pdb
d:\winrat\netcat\debug\vc142.idb
d:\winrat\netcat\debug\reprterr.obj
d:\winrat\netcat\debug\options.obj
d:\winrat\netcat\debug\versionok.obj
d:\winrat\netcat\debug\printmsg.obj
d:\winrat\netcat\debug\netcat.obj
d:\winrat\debug\netcat.exe
d:\winrat\debug\netcat.ilk
d:\winrat\debug\netcat.pdb
d:\winrat\debug\netcat.lib
d:\winrat\debug\netcat.exp
d:\winrat\netcat\debug\netcat.obj.enc
d:\winrat\netcat\debug\netcat.tlog\cl.command.1.tlog
d:\winrat\netcat\debug\netcat.tlog\cl.read.1.tlog
d:\winrat\netcat\debug\netcat.tlog\cl.write.1.tlog
d:\winrat\netcat\debug\netcat.tlog\link.command.1.tlog
d:\winrat\netcat\debug\netcat.tlog\link.delete.1.tlog
d:\winrat\netcat\debug\netcat.tlog\link.read.1.tlog
d:\winrat\netcat\debug\netcat.tlog\link.write.1.tlog
d:\winrat\netcat\debug\netcat.tlog\netcat.write.1u.tlog
